# JRE version: OpenJDK Runtime Environment (8.0_242-b01) (build 1.8.0_242-release-1644-b01)
# Java VM: OpenJDK 64-Bit Server VM (25.242-b01 mixed mode windows-amd64 compressed oops)
Heap:
 PSYoungGen      total 384000K, used 151203K [0x00000000e0000000, 0x00000000fba80000, 0x0000000100000000)
  eden space 338432K, 39% used [0x00000000e0000000,0x00000000e841cbd0,0x00000000f4a80000)
  from space 45568K, 34% used [0x00000000f8e00000,0x00000000f9d8c268,0x00000000fba80000)
  to   space 57344K, 0% used [0x00000000f4a80000,0x00000000f4a80000,0x00000000f8280000)
 ParOldGen       total 282624K, used 77272K [0x00000000a0000000, 0x00000000b1400000, 0x00000000e0000000)
  object space 282624K, 27% used [0x00000000a0000000,0x00000000a4b76248,0x00000000b1400000)
 Metaspace       used 112216K, capacity 118770K, committed 119080K, reserved 1153024K
  class space    used 14742K, capacity 16049K, committed 16176K, reserved 1048576K
GC Heap History (10 events):
Event: 17.316 GC heap before
{Heap before GC invocations=17 (full 3):
 PSYoungGen      total 314880K, used 310123K [0x00000000e0000000, 0x00000000f8180000, 0x0000000100000000)
  eden space 286720K, 100% used [0x00000000e0000000,0x00000000f1800000,0x00000000f1800000)
  from space 28160K, 83% used [0x00000000f1800000,0x00000000f2edacf8,0x00000000f3380000)
  to   space 30720K, 0% used [0x00000000f6380000,0x00000000f6380000,0x00000000f8180000)
 ParOldGen       total 137728K, used 68990K [0x00000000a0000000, 0x00000000a8680000, 0x00000000e0000000)
  object space 137728K, 50% used [0x00000000a0000000,0x00000000a435fa90,0x00000000a8680000)
 Metaspace       used 90621K, capacity 94732K, committed 95016K, reserved 1132544K
  class space    used 11973K, capacity 12732K, committed 12848K, reserved 1048576K
Event: 17.422 GC heap after
Heap after GC invocations=17 (full 3):
 PSYoungGen      total 332288K, used 30713K [0x00000000e0000000, 0x00000000fd200000, 0x0000000100000000)
  eden space 301568K, 0% used [0x00000000e0000000,0x00000000e0000000,0x00000000f2680000)
  from space 30720K, 99% used [0x00000000f6380000,0x00000000f817e748,0x00000000f8180000)
  to   space 62464K, 0% used [0x00000000f2680000,0x00000000f2680000,0x00000000f6380000)
 ParOldGen       total 142336K, used 141907K [0x00000000a0000000, 0x00000000a8b00000, 0x00000000e0000000)
  object space 142336K, 99% used [0x00000000a0000000,0x00000000a8a94eb8,0x00000000a8b00000)
 Metaspace       used 90621K, capacity 94732K, committed 95016K, reserved 1132544K
  class space    used 11973K, capacity 12732K, committed 12848K, reserved 1048576K
}
Event: 17.422 GC heap before
{Heap before GC invocations=18 (full 4):
 PSYoungGen      total 332288K, used 30713K [0x00000000e0000000, 0x00000000fd200000, 0x0000000100000000)
  eden space 301568K, 0% used [0x00000000e0000000,0x00000000e0000000,0x00000000f2680000)
  from space 30720K, 99% used [0x00000000f6380000,0x00000000f817e748,0x00000000f8180000)
  to   space 62464K, 0% used [0x00000000f2680000,0x00000000f2680000,0x00000000f6380000)
 ParOldGen       total 142336K, used 141907K [0x00000000a0000000, 0x00000000a8b00000, 0x00000000e0000000)
  object space 142336K, 99% used [0x00000000a0000000,0x00000000a8a94eb8,0x00000000a8b00000)
 Metaspace       used 90621K, capacity 94732K, committed 95016K, reserved 1132544K
  class space    used 11973K, capacity 12732K, committed 12848K, reserved 1048576K
Event: 18.255 GC heap after
Heap after GC invocations=18 (full 4):
 PSYoungGen      total 332288K, used 0K [0x00000000e0000000, 0x00000000fd200000, 0x0000000100000000)
  eden space 301568K, 0% used [0x00000000e0000000,0x00000000e0000000,0x00000000f2680000)
  from space 30720K, 0% used [0x00000000f6380000,0x00000000f6380000,0x00000000f8180000)
  to   space 62464K, 0% used [0x00000000f2680000,0x00000000f2680000,0x00000000f6380000)
 ParOldGen       total 142336K, used 142273K [0x00000000a0000000, 0x00000000a8b00000, 0x00000000e0000000)
  object space 142336K, 99% used [0x00000000a0000000,0x00000000a8af07b0,0x00000000a8b00000)
 Metaspace       used 90208K, capacity 93504K, committed 95016K, reserved 1132544K
  class space    used 11844K, capacity 12504K, committed 12848K, reserved 1048576K
}
Event: 20.062 GC heap before
{Heap before GC invocations=19 (full 5):
 PSYoungGen      total 332288K, used 301568K [0x00000000e0000000, 0x00000000fd200000, 0x0000000100000000)
  eden space 301568K, 100% used [0x00000000e0000000,0x00000000f2680000,0x00000000f2680000)
  from space 30720K, 0% used [0x00000000f6380000,0x00000000f6380000,0x00000000f8180000)
  to   space 62464K, 0% used [0x00000000f2680000,0x00000000f2680000,0x00000000f6380000)
 ParOldGen       total 142336K, used 142273K [0x00000000a0000000, 0x00000000a8b00000, 0x00000000e0000000)
  object space 142336K, 99% used [0x00000000a0000000,0x00000000a8af07b0,0x00000000a8b00000)
 Metaspace       used 94910K, capacity 98310K, committed 99624K, reserved 1136640K
  class space    used 12368K, capacity 13045K, committed 13360K, reserved 1048576K
Event: 20.170 GC heap after
Heap after GC invocations=19 (full 5):
 PSYoungGen      total 332288K, used 0K [0x00000000e0000000, 0x00000000fd200000, 0x0000000100000000)
  eden space 301568K, 0% used [0x00000000e0000000,0x00000000e0000000,0x00000000f2680000)
  from space 30720K, 0% used [0x00000000f6380000,0x00000000f6380000,0x00000000f8180000)
  to   space 62464K, 0% used [0x00000000f2680000,0x00000000f2680000,0x00000000f6380000)
 ParOldGen       total 282624K, used 77256K [0x00000000a0000000, 0x00000000b1400000, 0x00000000e0000000)
  object space 282624K, 27% used [0x00000000a0000000,0x00000000a4b72248,0x00000000b1400000)
 Metaspace       used 94910K, capacity 98310K, committed 99624K, reserved 1136640K
  class space    used 12368K, capacity 13045K, committed 13360K, reserved 1048576K
}
Event: 21.868 GC heap before
{Heap before GC invocations=20 (full 5):
 PSYoungGen      total 332288K, used 301497K [0x00000000e0000000, 0x00000000fd200000, 0x0000000100000000)
  eden space 301568K, 99% used [0x00000000e0000000,0x00000000f266e7f8,0x00000000f2680000)
  from space 30720K, 0% used [0x00000000f6380000,0x00000000f6380000,0x00000000f8180000)
  to   space 62464K, 0% used [0x00000000f2680000,0x00000000f2680000,0x00000000f6380000)
 ParOldGen       total 282624K, used 77256K [0x00000000a0000000, 0x00000000b1400000, 0x00000000e0000000)
  object space 282624K, 27% used [0x00000000a0000000,0x00000000a4b72248,0x00000000b1400000)
 Metaspace       used 106498K, capacity 112690K, committed 112808K, reserved 1146880K
  class space    used 14211K, capacity 15421K, committed 15536K, reserved 1048576K
Event: 21.885 GC heap after
Heap after GC invocations=20 (full 5):
 PSYoungGen      total 364032K, used 10963K [0x00000000e0000000, 0x00000000fc900000, 0x0000000100000000)
  eden space 301568K, 0% used [0x00000000e0000000,0x00000000e0000000,0x00000000f2680000)
  from space 62464K, 17% used [0x00000000f2680000,0x00000000f3134ec0,0x00000000f6380000)
  to   space 60416K, 0% used [0x00000000f8e00000,0x00000000f8e00000,0x00000000fc900000)
 ParOldGen       total 282624K, used 77264K [0x00000000a0000000, 0x00000000b1400000, 0x00000000e0000000)
  object space 282624K, 27% used [0x00000000a0000000,0x00000000a4b74248,0x00000000b1400000)
 Metaspace       used 106498K, capacity 112690K, committed 112808K, reserved 1146880K
  class space    used 14211K, capacity 15421K, committed 15536K, reserved 1048576K
}
Event: 45.404 GC heap before
{Heap before GC invocations=21 (full 5):
 PSYoungGen      total 364032K, used 312531K [0x00000000e0000000, 0x00000000fc900000, 0x0000000100000000)
  eden space 301568K, 100% used [0x00000000e0000000,0x00000000f2680000,0x00000000f2680000)
  from space 62464K, 17% used [0x00000000f2680000,0x00000000f3134ec0,0x00000000f6380000)
  to   space 60416K, 0% used [0x00000000f8e00000,0x00000000f8e00000,0x00000000fc900000)
 ParOldGen       total 282624K, used 77264K [0x00000000a0000000, 0x00000000b1400000, 0x00000000e0000000)
  object space 282624K, 27% used [0x00000000a0000000,0x00000000a4b74248,0x00000000b1400000)
 Metaspace       used 112088K, capacity 118640K, committed 118696K, reserved 1153024K
  class space    used 14735K, capacity 16040K, committed 16048K, reserved 1048576K
Event: 45.424 GC heap after
Heap after GC invocations=21 (full 5):
 PSYoungGen      total 384000K, used 15920K [0x00000000e0000000, 0x00000000fba80000, 0x0000000100000000)
  eden space 338432K, 0% used [0x00000000e0000000,0x00000000e0000000,0x00000000f4a80000)
  from space 45568K, 34% used [0x00000000f8e00000,0x00000000f9d8c268,0x00000000fba80000)
  to   space 57344K, 0% used [0x00000000f4a80000,0x00000000f4a80000,0x00000000f8280000)
 ParOldGen       total 282624K, used 77272K [0x00000000a0000000, 0x00000000b1400000, 0x00000000e0000000)
  object space 282624K, 27% used [0x00000000a0000000,0x00000000a4b76248,0x00000000b1400000)
 Metaspace       used 112088K, capacity 118640K, committed 118696K, reserved 1153024K
  class space    used 14735K, capacity 16040K, committed 16048K, reserved 1048576K
}

