# JRE version: OpenJDK Runtime Environment (8.0_242-b01) (build 1.8.0_242-release-1644-b01)
# Java VM: OpenJDK 64-Bit Server VM (25.242-b01 mixed mode windows-amd64 compressed oops)
Heap:
 PSYoungGen      total 437248K, used 437238K [0x00000000e0000000, 0x0000000100000000, 0x0000000100000000)
  eden space 350208K, 100% used [0x00000000e0000000,0x00000000f5600000,0x00000000f5600000)
  from space 87040K, 99% used [0x00000000f5600000,0x00000000faafda68,0x00000000fab00000)
  to   space 87040K, 6% used [0x00000000fab00000,0x00000000fb07c128,0x0000000100000000)
 ParOldGen       total 294912K, used 169322K [0x00000000a0000000, 0x00000000b2000000, 0x00000000e0000000)
  object space 294912K, 57% used [0x00000000a0000000,0x00000000aa55a978,0x00000000b2000000)
 Metaspace       used 107496K, capacity 112358K, committed 114088K, reserved 1148928K
  class space    used 13850K, capacity 14781K, committed 15280K, reserved 1048576K
GC Heap History (10 events):
Event: 14.691 GC heap after
Heap after GC invocations=17 (full 4):
 PSYoungGen      total 364544K, used 18311K [0x00000000e0000000, 0x0000000100000000, 0x0000000100000000)
  eden space 331776K, 0% used [0x00000000e0000000,0x00000000e0000000,0x00000000f4400000)
  from space 32768K, 55% used [0x00000000f4400000,0x00000000f55e1c98,0x00000000f6400000)
  to   space 77312K, 0% used [0x00000000fb480000,0x00000000fb480000,0x0000000100000000)
 ParOldGen       total 294912K, used 150763K [0x00000000a0000000, 0x00000000b2000000, 0x00000000e0000000)
  object space 294912K, 51% used [0x00000000a0000000,0x00000000a933af08,0x00000000b2000000)
 Metaspace       used 78248K, capacity 81936K, committed 85544K, reserved 1122304K
  class space    used 10772K, capacity 11503K, committed 12336K, reserved 1048576K
}
Event: 16.232 GC heap before
{Heap before GC invocations=18 (full 4):
 PSYoungGen      total 364544K, used 350087K [0x00000000e0000000, 0x0000000100000000, 0x0000000100000000)
  eden space 331776K, 100% used [0x00000000e0000000,0x00000000f4400000,0x00000000f4400000)
  from space 32768K, 55% used [0x00000000f4400000,0x00000000f55e1c98,0x00000000f6400000)
  to   space 77312K, 0% used [0x00000000fb480000,0x00000000fb480000,0x0000000100000000)
 ParOldGen       total 294912K, used 150763K [0x00000000a0000000, 0x00000000b2000000, 0x00000000e0000000)
  object space 294912K, 51% used [0x00000000a0000000,0x00000000a933af08,0x00000000b2000000)
 Metaspace       used 80379K, capacity 84464K, committed 87464K, reserved 1124352K
  class space    used 10919K, capacity 11703K, committed 12464K, reserved 1048576K
Event: 16.285 GC heap after
Heap after GC invocations=18 (full 4):
 PSYoungGen      total 448512K, used 36005K [0x00000000e0000000, 0x0000000100000000, 0x0000000100000000)
  eden space 371200K, 0% used [0x00000000e0000000,0x00000000e0000000,0x00000000f6a80000)
  from space 77312K, 46% used [0x00000000fb480000,0x00000000fd7a9560,0x0000000100000000)
  to   space 75776K, 0% used [0x00000000f6a80000,0x00000000f6a80000,0x00000000fb480000)
 ParOldGen       total 294912K, used 166132K [0x00000000a0000000, 0x00000000b2000000, 0x00000000e0000000)
  object space 294912K, 56% used [0x00000000a0000000,0x00000000aa23d150,0x00000000b2000000)
 Metaspace       used 80379K, capacity 84464K, committed 87464K, reserved 1124352K
  class space    used 10919K, capacity 11703K, committed 12464K, reserved 1048576K
}
Event: 96.215 GC heap before
{Heap before GC invocations=19 (full 4):
 PSYoungGen      total 448512K, used 407205K [0x00000000e0000000, 0x0000000100000000, 0x0000000100000000)
  eden space 371200K, 100% used [0x00000000e0000000,0x00000000f6a80000,0x00000000f6a80000)
  from space 77312K, 46% used [0x00000000fb480000,0x00000000fd7a9560,0x0000000100000000)
  to   space 75776K, 0% used [0x00000000f6a80000,0x00000000f6a80000,0x00000000fb480000)
 ParOldGen       total 294912K, used 166132K [0x00000000a0000000, 0x00000000b2000000, 0x00000000e0000000)
  object space 294912K, 56% used [0x00000000a0000000,0x00000000aa23d150,0x00000000b2000000)
 Metaspace       used 85038K, capacity 89298K, committed 91944K, reserved 1128448K
  class space    used 11339K, capacity 12136K, committed 12848K, reserved 1048576K
Event: 96.267 GC heap after
Heap after GC invocations=19 (full 4):
 PSYoungGen      total 446976K, used 44605K [0x00000000e0000000, 0x0000000100000000, 0x0000000100000000)
  eden space 371200K, 0% used [0x00000000e0000000,0x00000000e0000000,0x00000000f6a80000)
  from space 75776K, 58% used [0x00000000f6a80000,0x00000000f960f6c8,0x00000000fb480000)
  to   space 77312K, 0% used [0x00000000fb480000,0x00000000fb480000,0x0000000100000000)
 ParOldGen       total 294912K, used 166140K [0x00000000a0000000, 0x00000000b2000000, 0x00000000e0000000)
  object space 294912K, 56% used [0x00000000a0000000,0x00000000aa23f150,0x00000000b2000000)
 Metaspace       used 85038K, capacity 89298K, committed 91944K, reserved 1128448K
  class space    used 11339K, capacity 12136K, committed 12848K, reserved 1048576K
}
Event: 99.576 GC heap before
{Heap before GC invocations=20 (full 4):
 PSYoungGen      total 446976K, used 415805K [0x00000000e0000000, 0x0000000100000000, 0x0000000100000000)
  eden space 371200K, 100% used [0x00000000e0000000,0x00000000f6a80000,0x00000000f6a80000)
  from space 75776K, 58% used [0x00000000f6a80000,0x00000000f960f6c8,0x00000000fb480000)
  to   space 77312K, 0% used [0x00000000fb480000,0x00000000fb480000,0x0000000100000000)
 ParOldGen       total 294912K, used 166140K [0x00000000a0000000, 0x00000000b2000000, 0x00000000e0000000)
  object space 294912K, 56% used [0x00000000a0000000,0x00000000aa23f150,0x00000000b2000000)
 Metaspace       used 100562K, capacity 105260K, committed 107432K, reserved 1142784K
  class space    used 13079K, capacity 13946K, committed 14512K, reserved 1048576K
Event: 99.613 GC heap after
Heap after GC invocations=20 (full 4):
 PSYoungGen      total 427520K, used 67302K [0x00000000e0000000, 0x0000000100000000, 0x0000000100000000)
  eden space 350208K, 0% used [0x00000000e0000000,0x00000000e0000000,0x00000000f5600000)
  from space 77312K, 87% used [0x00000000fb480000,0x00000000ff6399e8,0x0000000100000000)
  to   space 87040K, 0% used [0x00000000f5600000,0x00000000f5600000,0x00000000fab00000)
 ParOldGen       total 294912K, used 166148K [0x00000000a0000000, 0x00000000b2000000, 0x00000000e0000000)
  object space 294912K, 56% used [0x00000000a0000000,0x00000000aa241150,0x00000000b2000000)
 Metaspace       used 100562K, capacity 105260K, committed 107432K, reserved 1142784K
  class space    used 13079K, capacity 13946K, committed 14512K, reserved 1048576K
}
Event: 101.369 GC heap before
{Heap before GC invocations=21 (full 4):
 PSYoungGen      total 427520K, used 417510K [0x00000000e0000000, 0x0000000100000000, 0x0000000100000000)
  eden space 350208K, 100% used [0x00000000e0000000,0x00000000f5600000,0x00000000f5600000)
  from space 77312K, 87% used [0x00000000fb480000,0x00000000ff6399e8,0x0000000100000000)
  to   space 87040K, 0% used [0x00000000f5600000,0x00000000f5600000,0x00000000fab00000)
 ParOldGen       total 294912K, used 166148K [0x00000000a0000000, 0x00000000b2000000, 0x00000000e0000000)
  object space 294912K, 56% used [0x00000000a0000000,0x00000000aa241150,0x00000000b2000000)
 Metaspace       used 106554K, capacity 111198K, committed 113320K, reserved 1146880K
  class space    used 13801K, capacity 14649K, committed 15280K, reserved 1048576K
Event: 101.423 GC heap after
Heap after GC invocations=21 (full 4):
 PSYoungGen      total 437248K, used 87030K [0x00000000e0000000, 0x0000000100000000, 0x0000000100000000)
  eden space 350208K, 0% used [0x00000000e0000000,0x00000000e0000000,0x00000000f5600000)
  from space 87040K, 99% used [0x00000000f5600000,0x00000000faafda68,0x00000000fab00000)
  to   space 87040K, 0% used [0x00000000fab00000,0x00000000fab00000,0x0000000100000000)
 ParOldGen       total 294912K, used 168491K [0x00000000a0000000, 0x00000000b2000000, 0x00000000e0000000)
  object space 294912K, 57% used [0x00000000a0000000,0x00000000aa48ac18,0x00000000b2000000)
 Metaspace       used 106554K, capacity 111198K, committed 113320K, reserved 1146880K
  class space    used 13801K, capacity 14649K, committed 15280K, reserved 1048576K
}
Event: 152.456 GC heap before
{Heap before GC invocations=22 (full 4):
 PSYoungGen      total 437248K, used 437238K [0x00000000e0000000, 0x0000000100000000, 0x0000000100000000)
  eden space 350208K, 100% used [0x00000000e0000000,0x00000000f5600000,0x00000000f5600000)
  from space 87040K, 99% used [0x00000000f5600000,0x00000000faafda68,0x00000000fab00000)
  to   space 87040K, 0% used [0x00000000fab00000,0x00000000fab00000,0x0000000100000000)
 ParOldGen       total 294912K, used 168491K [0x00000000a0000000, 0x00000000b2000000, 0x00000000e0000000)
  object space 294912K, 57% used [0x00000000a0000000,0x00000000aa48ac18,0x00000000b2000000)
 Metaspace       used 107496K, capacity 112358K, committed 114088K, reserved 1148928K
  class space    used 13850K, capacity 14781K, committed 15280K, reserved 1048576K

