# JRE version: OpenJDK Runtime Environment (8.0_242-b01) (build 1.8.0_242-release-1644-b01)
# Java VM: OpenJDK 64-Bit Server VM (25.242-b01 mixed mode windows-amd64 compressed oops)
Heap:
 PSYoungGen      total 313344K, used 108852K [0x00000000e0000000, 0x00000000f5680000, 0x0000000100000000)
  eden space 287232K, 28% used [0x00000000e0000000,0x00000000e50d0c88,0x00000000f1880000)
  from space 26112K, 99% used [0x00000000f3880000,0x00000000f51fc428,0x00000000f5200000)
  to   space 31744K, 0% used [0x00000000f1880000,0x00000000f1880000,0x00000000f3780000)
 ParOldGen       total 136192K, used 45872K [0x00000000a0000000, 0x00000000a8500000, 0x00000000e0000000)
  object space 136192K, 33% used [0x00000000a0000000,0x00000000a2ccc0b0,0x00000000a8500000)
 Metaspace       used 81051K, capacity 85478K, committed 85592K, reserved 1122304K
  class space    used 10949K, capacity 11891K, committed 11904K, reserved 1048576K
GC Heap History (10 events):
Event: 5.310 GC heap before
{Heap before GC invocations=11 (full 2):
 PSYoungGen      total 215552K, used 201728K [0x00000000e0000000, 0x00000000ee400000, 0x0000000100000000)
  eden space 201728K, 100% used [0x00000000e0000000,0x00000000ec500000,0x00000000ec500000)
  from space 13824K, 0% used [0x00000000ed300000,0x00000000ed300000,0x00000000ee080000)
  to   space 14336K, 0% used [0x00000000ec500000,0x00000000ec500000,0x00000000ed300000)
 ParOldGen       total 83456K, used 16188K [0x00000000a0000000, 0x00000000a5180000, 0x00000000e0000000)
  object space 83456K, 19% used [0x00000000a0000000,0x00000000a0fcf2c8,0x00000000a5180000)
 Metaspace       used 44039K, capacity 46150K, committed 46424K, reserved 1089536K
  class space    used 6014K, capacity 6441K, committed 6528K, reserved 1048576K
Event: 5.321 GC heap after
Heap after GC invocations=11 (full 2):
 PSYoungGen      total 216064K, used 14320K [0x00000000e0000000, 0x00000000f1900000, 0x0000000100000000)
  eden space 201728K, 0% used [0x00000000e0000000,0x00000000e0000000,0x00000000ec500000)
  from space 14336K, 99% used [0x00000000ec500000,0x00000000ed2fc0c0,0x00000000ed300000)
  to   space 16896K, 0% used [0x00000000f0880000,0x00000000f0880000,0x00000000f1900000)
 ParOldGen       total 83456K, used 18316K [0x00000000a0000000, 0x00000000a5180000, 0x00000000e0000000)
  object space 83456K, 21% used [0x00000000a0000000,0x00000000a11e33d8,0x00000000a5180000)
 Metaspace       used 44039K, capacity 46150K, committed 46424K, reserved 1089536K
  class space    used 6014K, capacity 6441K, committed 6528K, reserved 1048576K
}
Event: 6.704 GC heap before
{Heap before GC invocations=12 (full 2):
 PSYoungGen      total 216064K, used 169320K [0x00000000e0000000, 0x00000000f1900000, 0x0000000100000000)
  eden space 201728K, 76% used [0x00000000e0000000,0x00000000e975e2e0,0x00000000ec500000)
  from space 14336K, 99% used [0x00000000ec500000,0x00000000ed2fc0c0,0x00000000ed300000)
  to   space 16896K, 0% used [0x00000000f0880000,0x00000000f0880000,0x00000000f1900000)
 ParOldGen       total 83456K, used 18316K [0x00000000a0000000, 0x00000000a5180000, 0x00000000e0000000)
  object space 83456K, 21% used [0x00000000a0000000,0x00000000a11e33d8,0x00000000a5180000)
 Metaspace       used 56461K, capacity 58886K, committed 59028K, reserved 1099776K
  class space    used 7705K, capacity 8231K, committed 8320K, reserved 1048576K
Event: 6.731 GC heap after
Heap after GC invocations=12 (full 2):
 PSYoungGen      total 264704K, used 16868K [0x00000000e0000000, 0x00000000f2580000, 0x0000000100000000)
  eden space 247808K, 0% used [0x00000000e0000000,0x00000000e0000000,0x00000000ef200000)
  from space 16896K, 99% used [0x00000000f0880000,0x00000000f18f9310,0x00000000f1900000)
  to   space 23040K, 0% used [0x00000000ef200000,0x00000000ef200000,0x00000000f0880000)
 ParOldGen       total 83456K, used 28588K [0x00000000a0000000, 0x00000000a5180000, 0x00000000e0000000)
  object space 83456K, 34% used [0x00000000a0000000,0x00000000a1beb0f0,0x00000000a5180000)
 Metaspace       used 56461K, capacity 58886K, committed 59028K, reserved 1099776K
  class space    used 7705K, capacity 8231K, committed 8320K, reserved 1048576K
}
Event: 6.731 GC heap before
{Heap before GC invocations=13 (full 3):
 PSYoungGen      total 264704K, used 16868K [0x00000000e0000000, 0x00000000f2580000, 0x0000000100000000)
  eden space 247808K, 0% used [0x00000000e0000000,0x00000000e0000000,0x00000000ef200000)
  from space 16896K, 99% used [0x00000000f0880000,0x00000000f18f9310,0x00000000f1900000)
  to   space 23040K, 0% used [0x00000000ef200000,0x00000000ef200000,0x00000000f0880000)
 ParOldGen       total 83456K, used 28588K [0x00000000a0000000, 0x00000000a5180000, 0x00000000e0000000)
  object space 83456K, 34% used [0x00000000a0000000,0x00000000a1beb0f0,0x00000000a5180000)
 Metaspace       used 56461K, capacity 58886K, committed 59028K, reserved 1099776K
  class space    used 7705K, capacity 8231K, committed 8320K, reserved 1048576K
Event: 6.913 GC heap after
Heap after GC invocations=13 (full 3):
 PSYoungGen      total 264704K, used 0K [0x00000000e0000000, 0x00000000f2580000, 0x0000000100000000)
  eden space 247808K, 0% used [0x00000000e0000000,0x00000000e0000000,0x00000000ef200000)
  from space 16896K, 0% used [0x00000000f0880000,0x00000000f0880000,0x00000000f1900000)
  to   space 23040K, 0% used [0x00000000ef200000,0x00000000ef200000,0x00000000f0880000)
 ParOldGen       total 136192K, used 41137K [0x00000000a0000000, 0x00000000a8500000, 0x00000000e0000000)
  object space 136192K, 30% used [0x00000000a0000000,0x00000000a282c700,0x00000000a8500000)
 Metaspace       used 56420K, capacity 58748K, committed 59028K, reserved 1099776K
  class space    used 7692K, capacity 8208K, committed 8320K, reserved 1048576K
}
Event: 9.196 GC heap before
{Heap before GC invocations=14 (full 3):
 PSYoungGen      total 264704K, used 247808K [0x00000000e0000000, 0x00000000f2580000, 0x0000000100000000)
  eden space 247808K, 100% used [0x00000000e0000000,0x00000000ef200000,0x00000000ef200000)
  from space 16896K, 0% used [0x00000000f0880000,0x00000000f0880000,0x00000000f1900000)
  to   space 23040K, 0% used [0x00000000ef200000,0x00000000ef200000,0x00000000f0880000)
 ParOldGen       total 136192K, used 41137K [0x00000000a0000000, 0x00000000a8500000, 0x00000000e0000000)
  object space 136192K, 30% used [0x00000000a0000000,0x00000000a282c700,0x00000000a8500000)
 Metaspace       used 70341K, capacity 73902K, committed 73944K, reserved 1112064K
  class space    used 9769K, capacity 10471K, committed 10496K, reserved 1048576K
Event: 9.214 GC heap after
Heap after GC invocations=14 (full 3):
 PSYoungGen      total 270848K, used 21527K [0x00000000e0000000, 0x00000000f5200000, 0x0000000100000000)
  eden space 247808K, 0% used [0x00000000e0000000,0x00000000e0000000,0x00000000ef200000)
  from space 23040K, 93% used [0x00000000ef200000,0x00000000f0705e00,0x00000000f0880000)
  to   space 26112K, 0% used [0x00000000f3880000,0x00000000f3880000,0x00000000f5200000)
 ParOldGen       total 136192K, used 41145K [0x00000000a0000000, 0x00000000a8500000, 0x00000000e0000000)
  object space 136192K, 30% used [0x00000000a0000000,0x00000000a282e700,0x00000000a8500000)
 Metaspace       used 70341K, capacity 73902K, committed 73944K, reserved 1112064K
  class space    used 9769K, capacity 10471K, committed 10496K, reserved 1048576K
}
Event: 18.170 GC heap before
{Heap before GC invocations=15 (full 3):
 PSYoungGen      total 270848K, used 269335K [0x00000000e0000000, 0x00000000f5200000, 0x0000000100000000)
  eden space 247808K, 100% used [0x00000000e0000000,0x00000000ef200000,0x00000000ef200000)
  from space 23040K, 93% used [0x00000000ef200000,0x00000000f0705e00,0x00000000f0880000)
  to   space 26112K, 0% used [0x00000000f3880000,0x00000000f3880000,0x00000000f5200000)
 ParOldGen       total 136192K, used 41145K [0x00000000a0000000, 0x00000000a8500000, 0x00000000e0000000)
  object space 136192K, 30% used [0x00000000a0000000,0x00000000a282e700,0x00000000a8500000)
 Metaspace       used 80263K, capacity 84610K, committed 84696K, reserved 1122304K
  class space    used 10865K, capacity 11743K, committed 11776K, reserved 1048576K
Event: 18.195 GC heap after
Heap after GC invocations=15 (full 3):
 PSYoungGen      total 313344K, used 26097K [0x00000000e0000000, 0x00000000f5680000, 0x0000000100000000)
  eden space 287232K, 0% used [0x00000000e0000000,0x00000000e0000000,0x00000000f1880000)
  from space 26112K, 99% used [0x00000000f3880000,0x00000000f51fc428,0x00000000f5200000)
  to   space 31744K, 0% used [0x00000000f1880000,0x00000000f1880000,0x00000000f3780000)
 ParOldGen       total 136192K, used 45872K [0x00000000a0000000, 0x00000000a8500000, 0x00000000e0000000)
  object space 136192K, 33% used [0x00000000a0000000,0x00000000a2ccc0b0,0x00000000a8500000)
 Metaspace       used 80263K, capacity 84610K, committed 84696K, reserved 1122304K
  class space    used 10865K, capacity 11743K, committed 11776K, reserved 1048576K
}

